<component name="libraryTable">
  <library name="junit">
    <CLASSES>
      <root url="jar:///usr/share/java/junit.jar!/" />
    </CLASSES>
    <JAVADOC />
    <SOURCES />
  </library>
</component>